<?xml version="1.0" encoding="UTF-8"?>
<!-- Generated by org.testng.reporters.JUnitReportReporter -->
<testsuite hostname="Ecems-MacBook-Pro.local" failures="0" tests="2" name="services.BookingTest" time="6.560" errors="0" timestamp="2022-01-31T22:49:39 TRT" skipped="0">
  <testcase classname="services.BookingTest" name="postCreateBooking" time="5.820"/>
  <system-out/>
  <testcase classname="services.BookingTest" name="putUpdateBooking" time="0.740"/>
  <system-out/>
</testsuite> <!-- services.BookingTest -->
